Loading mnist dataset...
/data/conda_env/torfia/lib/python3.8/site-packages/torchvision/datasets/mnist.py:498: UserWarning: The given NumPy array is not writeable, and PyTorch does not support non-writeable tensors. This means you can write to the underlying (supposedly non-writeable) NumPy array using the tensor. You may want to copy the array to protect its data or make it writeable before converting it to a tensor. This type of warning will be suppressed for the rest of this program. (Triggered internally at  /opt/conda/conda-bld/pytorch_1623448234945/work/torch/csrc/utils/tensor_numpy.cpp:180.)
  return torch.from_numpy(parsed.astype(m[2], copy=False)).view(*s)
784
(Epoch 1 / 300) Train_Loss: 36.200; Val_Loss: 22.484   Train_ACC: 19.235; Val_ACC: 18.760   Train_NMI: 5.928; Val_NMI: 6.970
(Epoch 2 / 300) Train_Loss: 18.137; Val_Loss: 14.955   Train_ACC: 16.690; Val_ACC: 16.800   Train_NMI: 4.589; Val_NMI: 4.231
(Epoch 3 / 300) Train_Loss: 13.431; Val_Loss: 12.009   Train_ACC: 15.788; Val_ACC: 18.410   Train_NMI: 2.809; Val_NMI: 3.532
(Epoch 4 / 300) Train_Loss: 11.468; Val_Loss: 10.727   Train_ACC: 15.727; Val_ACC: 17.030   Train_NMI: 2.148; Val_NMI: 2.861
(Epoch 5 / 300) Train_Loss: 10.475; Val_Loss: 10.075   Train_ACC: 15.232; Val_ACC: 16.130   Train_NMI: 1.821; Val_NMI: 2.688
(Epoch 6 / 300) Train_Loss: 9.940; Val_Loss: 9.690   Train_ACC: 14.757; Val_ACC: 15.990   Train_NMI: 1.548; Val_NMI: 2.475
(Epoch 7 / 300) Train_Loss: 9.612; Val_Loss: 9.429   Train_ACC: 14.332; Val_ACC: 15.830   Train_NMI: 1.209; Val_NMI: 2.161
(Epoch 8 / 300) Train_Loss: 9.406; Val_Loss: 9.254   Train_ACC: 14.295; Val_ACC: 15.810   Train_NMI: 1.239; Val_NMI: 2.384
(Epoch 9 / 300) Train_Loss: 9.256; Val_Loss: 9.151   Train_ACC: 14.418; Val_ACC: 16.060   Train_NMI: 1.240; Val_NMI: 2.262
(Epoch 10 / 300) Train_Loss: 9.151; Val_Loss: 9.070   Train_ACC: 14.048; Val_ACC: 15.770   Train_NMI: 1.039; Val_NMI: 2.031
(Epoch 11 / 300) Train_Loss: 9.085; Val_Loss: 9.005   Train_ACC: 13.972; Val_ACC: 16.430   Train_NMI: 0.977; Val_NMI: 2.408
(Epoch 12 / 300) Train_Loss: 9.029; Val_Loss: 8.972   Train_ACC: 13.702; Val_ACC: 15.980   Train_NMI: 0.992; Val_NMI: 3.164
(Epoch 13 / 300) Train_Loss: 8.988; Val_Loss: 8.951   Train_ACC: 13.933; Val_ACC: 14.970   Train_NMI: 1.208; Val_NMI: 2.293
(Epoch 14 / 300) Train_Loss: 8.954; Val_Loss: 8.882   Train_ACC: 13.483; Val_ACC: 16.730   Train_NMI: 1.063; Val_NMI: 3.015
(Epoch 15 / 300) Train_Loss: 8.926; Val_Loss: 8.912   Train_ACC: 14.060; Val_ACC: 15.180   Train_NMI: 1.262; Val_NMI: 2.374
(Epoch 16 / 300) Train_Loss: 8.906; Val_Loss: 8.864   Train_ACC: 13.492; Val_ACC: 16.290   Train_NMI: 1.078; Val_NMI: 2.446
(Epoch 17 / 300) Train_Loss: 8.885; Val_Loss: 8.814   Train_ACC: 14.207; Val_ACC: 17.420   Train_NMI: 1.303; Val_NMI: 3.456
(Epoch 18 / 300) Train_Loss: 8.867; Val_Loss: 8.826   Train_ACC: 13.908; Val_ACC: 17.150   Train_NMI: 1.377; Val_NMI: 3.996
(Epoch 19 / 300) Train_Loss: 8.846; Val_Loss: 8.816   Train_ACC: 13.687; Val_ACC: 17.540   Train_NMI: 1.153; Val_NMI: 3.721
(Epoch 20 / 300) Train_Loss: 8.829; Val_Loss: 8.810   Train_ACC: 13.498; Val_ACC: 16.480   Train_NMI: 1.014; Val_NMI: 2.848
(Epoch 21 / 300) Train_Loss: 8.818; Val_Loss: 8.781   Train_ACC: 13.630; Val_ACC: 19.030   Train_NMI: 0.960; Val_NMI: 4.066
(Epoch 22 / 300) Train_Loss: 8.812; Val_Loss: 8.781   Train_ACC: 13.968; Val_ACC: 16.240   Train_NMI: 1.248; Val_NMI: 3.038
(Epoch 23 / 300) Train_Loss: 8.797; Val_Loss: 8.777   Train_ACC: 13.442; Val_ACC: 18.900   Train_NMI: 1.198; Val_NMI: 5.062
(Epoch 24 / 300) Train_Loss: 8.798; Val_Loss: 8.760   Train_ACC: 13.990; Val_ACC: 17.430   Train_NMI: 1.134; Val_NMI: 4.184
(Epoch 25 / 300) Train_Loss: 8.789; Val_Loss: 8.771   Train_ACC: 13.950; Val_ACC: 16.670   Train_NMI: 1.422; Val_NMI: 3.438
(Epoch 26 / 300) Train_Loss: 8.768; Val_Loss: 8.739   Train_ACC: 13.610; Val_ACC: 18.530   Train_NMI: 1.143; Val_NMI: 4.245
(Epoch 27 / 300) Train_Loss: 8.761; Val_Loss: 8.730   Train_ACC: 13.148; Val_ACC: 18.580   Train_NMI: 1.065; Val_NMI: 4.694
(Epoch 28 / 300) Train_Loss: 8.752; Val_Loss: 8.726   Train_ACC: 13.898; Val_ACC: 17.670   Train_NMI: 1.241; Val_NMI: 3.630
(Epoch 29 / 300) Train_Loss: 8.744; Val_Loss: 8.704   Train_ACC: 14.055; Val_ACC: 19.990   Train_NMI: 1.288; Val_NMI: 4.906
(Epoch 30 / 300) Train_Loss: 8.738; Val_Loss: 8.701   Train_ACC: 14.353; Val_ACC: 17.740   Train_NMI: 1.672; Val_NMI: 4.657
(Epoch 31 / 300) Train_Loss: 8.731; Val_Loss: 8.695   Train_ACC: 14.563; Val_ACC: 18.570   Train_NMI: 1.680; Val_NMI: 5.015
(Epoch 32 / 300) Train_Loss: 8.725; Val_Loss: 8.696   Train_ACC: 13.777; Val_ACC: 19.130   Train_NMI: 1.213; Val_NMI: 5.521
(Epoch 33 / 300) Train_Loss: 8.716; Val_Loss: 8.682   Train_ACC: 13.978; Val_ACC: 16.710   Train_NMI: 1.405; Val_NMI: 3.933
(Epoch 34 / 300) Train_Loss: 8.706; Val_Loss: 8.681   Train_ACC: 13.958; Val_ACC: 16.770   Train_NMI: 1.173; Val_NMI: 3.709
(Epoch 35 / 300) Train_Loss: 8.701; Val_Loss: 8.670   Train_ACC: 13.983; Val_ACC: 18.350   Train_NMI: 1.537; Val_NMI: 4.008
(Epoch 36 / 300) Train_Loss: 8.697; Val_Loss: 8.670   Train_ACC: 13.780; Val_ACC: 18.370   Train_NMI: 1.544; Val_NMI: 4.054
(Epoch 37 / 300) Train_Loss: 8.690; Val_Loss: 8.662   Train_ACC: 14.170; Val_ACC: 19.290   Train_NMI: 1.759; Val_NMI: 5.874
(Epoch 38 / 300) Train_Loss: 8.682; Val_Loss: 8.656   Train_ACC: 13.637; Val_ACC: 19.210   Train_NMI: 1.477; Val_NMI: 5.883
(Epoch 39 / 300) Train_Loss: 8.678; Val_Loss: 8.653   Train_ACC: 14.473; Val_ACC: 22.740   Train_NMI: 1.595; Val_NMI: 7.340
(Epoch 40 / 300) Train_Loss: 8.677; Val_Loss: 8.652   Train_ACC: 14.898; Val_ACC: 21.790   Train_NMI: 1.680; Val_NMI: 6.454
(Epoch 41 / 300) Train_Loss: 8.667; Val_Loss: 8.651   Train_ACC: 15.470; Val_ACC: 16.290   Train_NMI: 2.542; Val_NMI: 3.524
(Epoch 42 / 300) Train_Loss: 8.663; Val_Loss: 8.651   Train_ACC: 14.392; Val_ACC: 20.780   Train_NMI: 1.651; Val_NMI: 5.862
(Epoch 43 / 300) Train_Loss: 8.654; Val_Loss: 8.637   Train_ACC: 13.727; Val_ACC: 19.250   Train_NMI: 1.234; Val_NMI: 6.623
(Epoch 44 / 300) Train_Loss: 8.651; Val_Loss: 8.620   Train_ACC: 13.912; Val_ACC: 16.690   Train_NMI: 1.487; Val_NMI: 5.160
(Epoch 45 / 300) Train_Loss: 8.647; Val_Loss: 8.629   Train_ACC: 14.585; Val_ACC: 19.050   Train_NMI: 1.649; Val_NMI: 5.411
(Epoch 46 / 300) Train_Loss: 8.643; Val_Loss: 8.614   Train_ACC: 14.627; Val_ACC: 20.780   Train_NMI: 2.127; Val_NMI: 6.841
(Epoch 47 / 300) Train_Loss: 8.640; Val_Loss: 8.614   Train_ACC: 14.248; Val_ACC: 23.310   Train_NMI: 2.051; Val_NMI: 8.652
(Epoch 48 / 300) Train_Loss: 8.637; Val_Loss: 8.608   Train_ACC: 14.707; Val_ACC: 19.480   Train_NMI: 2.414; Val_NMI: 6.785
(Epoch 49 / 300) Train_Loss: 8.637; Val_Loss: 8.616   Train_ACC: 14.688; Val_ACC: 18.870   Train_NMI: 2.222; Val_NMI: 5.219
(Epoch 50 / 300) Train_Loss: 8.627; Val_Loss: 8.618   Train_ACC: 14.912; Val_ACC: 15.500   Train_NMI: 1.908; Val_NMI: 4.062
(Epoch 51 / 300) Train_Loss: 8.624; Val_Loss: 8.602   Train_ACC: 14.517; Val_ACC: 23.390   Train_NMI: 1.793; Val_NMI: 8.674
(Epoch 52 / 300) Train_Loss: 8.623; Val_Loss: 8.600   Train_ACC: 15.637; Val_ACC: 16.910   Train_NMI: 2.975; Val_NMI: 4.659
(Epoch 53 / 300) Train_Loss: 8.616; Val_Loss: 8.599   Train_ACC: 15.500; Val_ACC: 20.580   Train_NMI: 2.378; Val_NMI: 6.059
(Epoch 54 / 300) Train_Loss: 8.614; Val_Loss: 8.584   Train_ACC: 14.927; Val_ACC: 19.820   Train_NMI: 1.936; Val_NMI: 5.879
(Epoch 55 / 300) Train_Loss: 8.612; Val_Loss: 8.590   Train_ACC: 14.697; Val_ACC: 21.510   Train_NMI: 2.120; Val_NMI: 7.697
(Epoch 56 / 300) Train_Loss: 8.607; Val_Loss: 8.575   Train_ACC: 14.908; Val_ACC: 18.250   Train_NMI: 2.168; Val_NMI: 4.890
(Epoch 57 / 300) Train_Loss: 8.603; Val_Loss: 8.588   Train_ACC: 15.832; Val_ACC: 19.630   Train_NMI: 2.794; Val_NMI: 5.724
(Epoch 58 / 300) Train_Loss: 8.601; Val_Loss: 8.582   Train_ACC: 14.728; Val_ACC: 17.080   Train_NMI: 2.546; Val_NMI: 6.009
(Epoch 59 / 300) Train_Loss: 8.598; Val_Loss: 8.572   Train_ACC: 15.272; Val_ACC: 16.150   Train_NMI: 2.185; Val_NMI: 4.127
(Epoch 60 / 300) Train_Loss: 8.594; Val_Loss: 8.576   Train_ACC: 16.140; Val_ACC: 22.760   Train_NMI: 2.510; Val_NMI: 7.576
(Epoch 61 / 300) Train_Loss: 8.593; Val_Loss: 8.578   Train_ACC: 14.877; Val_ACC: 22.000   Train_NMI: 2.411; Val_NMI: 6.891
(Epoch 62 / 300) Train_Loss: 8.594; Val_Loss: 8.569   Train_ACC: 14.473; Val_ACC: 22.600   Train_NMI: 2.176; Val_NMI: 8.876
(Epoch 63 / 300) Train_Loss: 8.588; Val_Loss: 8.576   Train_ACC: 13.983; Val_ACC: 18.320   Train_NMI: 1.767; Val_NMI: 5.066
(Epoch 64 / 300) Train_Loss: 8.585; Val_Loss: 8.566   Train_ACC: 14.110; Val_ACC: 24.060   Train_NMI: 1.838; Val_NMI: 9.923
(Epoch 65 / 300) Train_Loss: 8.583; Val_Loss: 8.555   Train_ACC: 15.148; Val_ACC: 17.860   Train_NMI: 2.097; Val_NMI: 5.627
(Epoch 66 / 300) Train_Loss: 8.584; Val_Loss: 8.561   Train_ACC: 15.015; Val_ACC: 18.760   Train_NMI: 2.555; Val_NMI: 5.662
(Epoch 67 / 300) Train_Loss: 8.582; Val_Loss: 8.556   Train_ACC: 14.265; Val_ACC: 21.910   Train_NMI: 1.841; Val_NMI: 7.875
(Epoch 68 / 300) Train_Loss: 8.578; Val_Loss: 8.557   Train_ACC: 14.540; Val_ACC: 19.100   Train_NMI: 1.954; Val_NMI: 5.806
(Epoch 69 / 300) Train_Loss: 8.577; Val_Loss: 8.556   Train_ACC: 15.862; Val_ACC: 20.560   Train_NMI: 2.569; Val_NMI: 6.993
(Epoch 70 / 300) Train_Loss: 8.574; Val_Loss: 8.544   Train_ACC: 13.852; Val_ACC: 20.790   Train_NMI: 1.854; Val_NMI: 5.682
(Epoch 71 / 300) Train_Loss: 8.574; Val_Loss: 8.552   Train_ACC: 13.713; Val_ACC: 19.520   Train_NMI: 1.532; Val_NMI: 5.959
(Epoch 72 / 300) Train_Loss: 8.571; Val_Loss: 8.551   Train_ACC: 14.910; Val_ACC: 20.170   Train_NMI: 1.888; Val_NMI: 5.973
(Epoch 73 / 300) Train_Loss: 8.572; Val_Loss: 8.551   Train_ACC: 15.333; Val_ACC: 19.390   Train_NMI: 2.493; Val_NMI: 6.091
(Epoch 74 / 300) Train_Loss: 8.568; Val_Loss: 8.545   Train_ACC: 15.795; Val_ACC: 20.970   Train_NMI: 3.103; Val_NMI: 8.316
(Epoch 75 / 300) Train_Loss: 8.566; Val_Loss: 8.548   Train_ACC: 15.985; Val_ACC: 21.600   Train_NMI: 2.751; Val_NMI: 8.135
(Epoch 76 / 300) Train_Loss: 8.567; Val_Loss: 8.546   Train_ACC: 16.867; Val_ACC: 21.810   Train_NMI: 3.057; Val_NMI: 8.195
(Epoch 77 / 300) Train_Loss: 8.566; Val_Loss: 8.547   Train_ACC: 16.930; Val_ACC: 24.320   Train_NMI: 3.766; Val_NMI: 10.707
(Epoch 78 / 300) Train_Loss: 8.564; Val_Loss: 8.548   Train_ACC: 17.735; Val_ACC: 20.570   Train_NMI: 3.380; Val_NMI: 9.039
(Epoch 79 / 300) Train_Loss: 8.563; Val_Loss: 8.542   Train_ACC: 17.943; Val_ACC: 21.740   Train_NMI: 3.642; Val_NMI: 8.139
(Epoch 80 / 300) Train_Loss: 8.563; Val_Loss: 8.543   Train_ACC: 16.703; Val_ACC: 25.410   Train_NMI: 3.742; Val_NMI: 11.673
(Epoch 81 / 300) Train_Loss: 8.556; Val_Loss: 8.540   Train_ACC: 17.643; Val_ACC: 18.060   Train_NMI: 3.638; Val_NMI: 5.660
(Epoch 82 / 300) Train_Loss: 8.560; Val_Loss: 8.532   Train_ACC: 19.077; Val_ACC: 24.610   Train_NMI: 4.645; Val_NMI: 9.825
(Epoch 83 / 300) Train_Loss: 8.556; Val_Loss: 8.535   Train_ACC: 18.068; Val_ACC: 24.010   Train_NMI: 4.110; Val_NMI: 9.343
(Epoch 84 / 300) Train_Loss: 8.557; Val_Loss: 8.535   Train_ACC: 19.723; Val_ACC: 24.690   Train_NMI: 4.882; Val_NMI: 8.684
(Epoch 85 / 300) Train_Loss: 8.556; Val_Loss: 8.532   Train_ACC: 18.005; Val_ACC: 22.880   Train_NMI: 4.784; Val_NMI: 9.058
(Epoch 86 / 300) Train_Loss: 8.553; Val_Loss: 8.533   Train_ACC: 19.353; Val_ACC: 24.220   Train_NMI: 6.304; Val_NMI: 10.794
(Epoch 87 / 300) Train_Loss: 8.551; Val_Loss: 8.526   Train_ACC: 19.970; Val_ACC: 24.530   Train_NMI: 6.679; Val_NMI: 10.936
(Epoch 88 / 300) Train_Loss: 8.549; Val_Loss: 8.525   Train_ACC: 20.547; Val_ACC: 22.450   Train_NMI: 7.699; Val_NMI: 9.870
(Epoch 89 / 300) Train_Loss: 8.546; Val_Loss: 8.529   Train_ACC: 20.005; Val_ACC: 20.640   Train_NMI: 8.144; Val_NMI: 9.697
(Epoch 90 / 300) Train_Loss: 8.545; Val_Loss: 8.517   Train_ACC: 20.128; Val_ACC: 23.130   Train_NMI: 8.463; Val_NMI: 11.045
(Epoch 91 / 300) Train_Loss: 8.541; Val_Loss: 8.517   Train_ACC: 19.008; Val_ACC: 20.490   Train_NMI: 8.479; Val_NMI: 10.183
(Epoch 92 / 300) Train_Loss: 8.542; Val_Loss: 8.525   Train_ACC: 20.295; Val_ACC: 21.460   Train_NMI: 8.661; Val_NMI: 9.490
(Epoch 93 / 300) Train_Loss: 8.537; Val_Loss: 8.510   Train_ACC: 20.922; Val_ACC: 21.060   Train_NMI: 8.948; Val_NMI: 10.194
(Epoch 94 / 300) Train_Loss: 8.539; Val_Loss: 8.512   Train_ACC: 19.612; Val_ACC: 22.260   Train_NMI: 9.012; Val_NMI: 11.345
(Epoch 95 / 300) Train_Loss: 8.535; Val_Loss: 8.517   Train_ACC: 20.485; Val_ACC: 22.610   Train_NMI: 9.355; Val_NMI: 10.924
(Epoch 96 / 300) Train_Loss: 8.533; Val_Loss: 8.510   Train_ACC: 20.715; Val_ACC: 20.970   Train_NMI: 9.285; Val_NMI: 10.491
(Epoch 97 / 300) Train_Loss: 8.532; Val_Loss: 8.509   Train_ACC: 20.695; Val_ACC: 22.540   Train_NMI: 9.565; Val_NMI: 11.542
(Epoch 98 / 300) Train_Loss: 8.530; Val_Loss: 8.505   Train_ACC: 20.352; Val_ACC: 24.680   Train_NMI: 9.449; Val_NMI: 12.068
(Epoch 99 / 300) Train_Loss: 8.533; Val_Loss: 8.503   Train_ACC: 20.258; Val_ACC: 20.970   Train_NMI: 9.756; Val_NMI: 10.877
(Epoch 100 / 300) Train_Loss: 8.529; Val_Loss: 8.501   Train_ACC: 20.120; Val_ACC: 22.610   Train_NMI: 9.591; Val_NMI: 11.933
(Epoch 101 / 300) Train_Loss: 8.529; Val_Loss: 8.504   Train_ACC: 20.200; Val_ACC: 21.250   Train_NMI: 9.728; Val_NMI: 11.062
(Epoch 102 / 300) Train_Loss: 8.526; Val_Loss: 8.502   Train_ACC: 20.672; Val_ACC: 24.810   Train_NMI: 10.226; Val_NMI: 12.209
(Epoch 103 / 300) Train_Loss: 8.526; Val_Loss: 8.498   Train_ACC: 21.615; Val_ACC: 23.210   Train_NMI: 10.572; Val_NMI: 12.366
(Epoch 104 / 300) Train_Loss: 8.523; Val_Loss: 8.500   Train_ACC: 20.507; Val_ACC: 22.490   Train_NMI: 10.093; Val_NMI: 11.293
(Epoch 105 / 300) Train_Loss: 8.526; Val_Loss: 8.508   Train_ACC: 19.953; Val_ACC: 20.610   Train_NMI: 10.159; Val_NMI: 10.642
(Epoch 106 / 300) Train_Loss: 8.523; Val_Loss: 8.496   Train_ACC: 20.802; Val_ACC: 24.330   Train_NMI: 10.268; Val_NMI: 12.979
(Epoch 107 / 300) Train_Loss: 8.523; Val_Loss: 8.501   Train_ACC: 21.812; Val_ACC: 20.910   Train_NMI: 10.501; Val_NMI: 11.250
(Epoch 108 / 300) Train_Loss: 8.522; Val_Loss: 8.495   Train_ACC: 20.573; Val_ACC: 21.710   Train_NMI: 10.353; Val_NMI: 11.207
(Epoch 109 / 300) Train_Loss: 8.522; Val_Loss: 8.508   Train_ACC: 20.427; Val_ACC: 21.300   Train_NMI: 10.102; Val_NMI: 11.256
(Epoch 110 / 300) Train_Loss: 8.520; Val_Loss: 8.498   Train_ACC: 20.930; Val_ACC: 21.650   Train_NMI: 10.251; Val_NMI: 11.500
(Epoch 111 / 300) Train_Loss: 8.519; Val_Loss: 8.495   Train_ACC: 20.832; Val_ACC: 24.980   Train_NMI: 10.511; Val_NMI: 13.045
(Epoch 112 / 300) Train_Loss: 8.517; Val_Loss: 8.494   Train_ACC: 20.760; Val_ACC: 22.500   Train_NMI: 10.334; Val_NMI: 12.414
(Epoch 113 / 300) Train_Loss: 8.520; Val_Loss: 8.494   Train_ACC: 21.173; Val_ACC: 23.620   Train_NMI: 10.172; Val_NMI: 11.854
(Epoch 114 / 300) Train_Loss: 8.519; Val_Loss: 8.494   Train_ACC: 21.215; Val_ACC: 23.470   Train_NMI: 10.777; Val_NMI: 12.820
(Epoch 115 / 300) Train_Loss: 8.516; Val_Loss: 8.492   Train_ACC: 21.440; Val_ACC: 22.200   Train_NMI: 10.571; Val_NMI: 11.656
(Epoch 116 / 300) Train_Loss: 8.516; Val_Loss: 8.482   Train_ACC: 20.287; Val_ACC: 21.470   Train_NMI: 10.551; Val_NMI: 11.608
(Epoch 117 / 300) Train_Loss: 8.515; Val_Loss: 8.489   Train_ACC: 20.357; Val_ACC: 22.380   Train_NMI: 10.363; Val_NMI: 11.651
(Epoch 118 / 300) Train_Loss: 8.515; Val_Loss: 8.498   Train_ACC: 20.645; Val_ACC: 22.570   Train_NMI: 10.312; Val_NMI: 11.581
(Epoch 119 / 300) Train_Loss: 8.516; Val_Loss: 8.490   Train_ACC: 20.980; Val_ACC: 23.690   Train_NMI: 11.004; Val_NMI: 12.214
(Epoch 120 / 300) Train_Loss: 8.516; Val_Loss: 8.492   Train_ACC: 20.567; Val_ACC: 20.990   Train_NMI: 10.680; Val_NMI: 11.314
(Epoch 121 / 300) Train_Loss: 8.512; Val_Loss: 8.495   Train_ACC: 21.277; Val_ACC: 25.070   Train_NMI: 10.782; Val_NMI: 12.878
(Epoch 122 / 300) Train_Loss: 8.514; Val_Loss: 8.487   Train_ACC: 20.343; Val_ACC: 22.990   Train_NMI: 10.588; Val_NMI: 12.153
(Epoch 123 / 300) Train_Loss: 8.512; Val_Loss: 8.490   Train_ACC: 20.437; Val_ACC: 21.820   Train_NMI: 10.504; Val_NMI: 12.090
(Epoch 124 / 300) Train_Loss: 8.509; Val_Loss: 8.491   Train_ACC: 21.713; Val_ACC: 24.980   Train_NMI: 10.631; Val_NMI: 12.767
(Epoch 125 / 300) Train_Loss: 8.510; Val_Loss: 8.484   Train_ACC: 20.267; Val_ACC: 23.540   Train_NMI: 10.446; Val_NMI: 12.273
(Epoch 126 / 300) Train_Loss: 8.512; Val_Loss: 8.491   Train_ACC: 20.847; Val_ACC: 25.230   Train_NMI: 10.635; Val_NMI: 12.558
(Epoch 127 / 300) Train_Loss: 8.511; Val_Loss: 8.490   Train_ACC: 20.810; Val_ACC: 21.720   Train_NMI: 10.325; Val_NMI: 11.884
(Epoch 128 / 300) Train_Loss: 8.508; Val_Loss: 8.487   Train_ACC: 21.137; Val_ACC: 24.820   Train_NMI: 10.731; Val_NMI: 12.858
(Epoch 129 / 300) Train_Loss: 8.510; Val_Loss: 8.492   Train_ACC: 21.363; Val_ACC: 26.240   Train_NMI: 10.721; Val_NMI: 13.237
(Epoch 130 / 300) Train_Loss: 8.508; Val_Loss: 8.485   Train_ACC: 21.220; Val_ACC: 22.150   Train_NMI: 10.437; Val_NMI: 12.309
(Epoch 131 / 300) Train_Loss: 8.508; Val_Loss: 8.490   Train_ACC: 20.452; Val_ACC: 22.410   Train_NMI: 10.690; Val_NMI: 12.254
(Epoch 132 / 300) Train_Loss: 8.508; Val_Loss: 8.487   Train_ACC: 21.393; Val_ACC: 24.140   Train_NMI: 11.004; Val_NMI: 13.681
(Epoch 133 / 300) Train_Loss: 8.508; Val_Loss: 8.483   Train_ACC: 20.815; Val_ACC: 24.330   Train_NMI: 10.867; Val_NMI: 13.615
(Epoch 134 / 300) Train_Loss: 8.508; Val_Loss: 8.478   Train_ACC: 21.915; Val_ACC: 21.210   Train_NMI: 10.944; Val_NMI: 12.162
(Epoch 135 / 300) Train_Loss: 8.506; Val_Loss: 8.486   Train_ACC: 21.563; Val_ACC: 22.020   Train_NMI: 11.148; Val_NMI: 11.750
(Epoch 136 / 300) Train_Loss: 8.506; Val_Loss: 8.486   Train_ACC: 21.593; Val_ACC: 23.280   Train_NMI: 10.662; Val_NMI: 12.564
(Epoch 137 / 300) Train_Loss: 8.506; Val_Loss: 8.480   Train_ACC: 21.272; Val_ACC: 24.310   Train_NMI: 10.513; Val_NMI: 12.276
(Epoch 138 / 300) Train_Loss: 8.507; Val_Loss: 8.492   Train_ACC: 20.398; Val_ACC: 24.650   Train_NMI: 10.493; Val_NMI: 13.240
(Epoch 139 / 300) Train_Loss: 8.506; Val_Loss: 8.487   Train_ACC: 19.942; Val_ACC: 21.810   Train_NMI: 10.242; Val_NMI: 11.954
(Epoch 140 / 300) Train_Loss: 8.506; Val_Loss: 8.483   Train_ACC: 20.212; Val_ACC: 25.080   Train_NMI: 10.389; Val_NMI: 14.129
(Epoch 141 / 300) Train_Loss: 8.504; Val_Loss: 8.477   Train_ACC: 20.800; Val_ACC: 22.570   Train_NMI: 10.794; Val_NMI: 12.288
(Epoch 142 / 300) Train_Loss: 8.503; Val_Loss: 8.487   Train_ACC: 21.133; Val_ACC: 21.440   Train_NMI: 10.785; Val_NMI: 11.955
(Epoch 143 / 300) Train_Loss: 8.506; Val_Loss: 8.478   Train_ACC: 20.403; Val_ACC: 23.610   Train_NMI: 10.553; Val_NMI: 12.222
(Epoch 144 / 300) Train_Loss: 8.503; Val_Loss: 8.481   Train_ACC: 20.400; Val_ACC: 24.210   Train_NMI: 10.599; Val_NMI: 13.131
(Epoch 145 / 300) Train_Loss: 8.504; Val_Loss: 8.481   Train_ACC: 20.857; Val_ACC: 20.940   Train_NMI: 11.077; Val_NMI: 12.001
(Epoch 146 / 300) Train_Loss: 8.503; Val_Loss: 8.482   Train_ACC: 20.522; Val_ACC: 24.070   Train_NMI: 10.914; Val_NMI: 13.132
(Epoch 147 / 300) Train_Loss: 8.504; Val_Loss: 8.476   Train_ACC: 20.583; Val_ACC: 22.290   Train_NMI: 10.662; Val_NMI: 12.386
(Epoch 148 / 300) Train_Loss: 8.502; Val_Loss: 8.473   Train_ACC: 21.065; Val_ACC: 23.790   Train_NMI: 10.595; Val_NMI: 13.077
(Epoch 149 / 300) Train_Loss: 8.503; Val_Loss: 8.483   Train_ACC: 20.880; Val_ACC: 23.190   Train_NMI: 10.648; Val_NMI: 12.672
(Epoch 150 / 300) Train_Loss: 8.501; Val_Loss: 8.481   Train_ACC: 20.950; Val_ACC: 21.000   Train_NMI: 10.590; Val_NMI: 11.930
(Epoch 151 / 300) Train_Loss: 8.499; Val_Loss: 8.475   Train_ACC: 20.402; Val_ACC: 25.790   Train_NMI: 10.478; Val_NMI: 14.097
(Epoch 152 / 300) Train_Loss: 8.501; Val_Loss: 8.487   Train_ACC: 21.292; Val_ACC: 24.280   Train_NMI: 10.958; Val_NMI: 13.324
(Epoch 153 / 300) Train_Loss: 8.501; Val_Loss: 8.477   Train_ACC: 20.313; Val_ACC: 24.160   Train_NMI: 10.473; Val_NMI: 12.930
(Epoch 154 / 300) Train_Loss: 8.501; Val_Loss: 8.480   Train_ACC: 19.672; Val_ACC: 23.170   Train_NMI: 10.089; Val_NMI: 12.579
(Epoch 155 / 300) Train_Loss: 8.500; Val_Loss: 8.472   Train_ACC: 21.140; Val_ACC: 22.840   Train_NMI: 10.529; Val_NMI: 13.211
(Epoch 156 / 300) Train_Loss: 8.498; Val_Loss: 8.477   Train_ACC: 20.988; Val_ACC: 23.900   Train_NMI: 10.815; Val_NMI: 13.217
(Epoch 157 / 300) Train_Loss: 8.500; Val_Loss: 8.481   Train_ACC: 20.817; Val_ACC: 24.960   Train_NMI: 10.619; Val_NMI: 13.345
(Epoch 158 / 300) Train_Loss: 8.498; Val_Loss: 8.474   Train_ACC: 22.492; Val_ACC: 24.110   Train_NMI: 11.070; Val_NMI: 13.313
(Epoch 159 / 300) Train_Loss: 8.498; Val_Loss: 8.480   Train_ACC: 21.262; Val_ACC: 24.430   Train_NMI: 10.590; Val_NMI: 12.996
(Epoch 160 / 300) Train_Loss: 8.501; Val_Loss: 8.471   Train_ACC: 22.338; Val_ACC: 24.980   Train_NMI: 11.033; Val_NMI: 13.799
(Epoch 161 / 300) Train_Loss: 8.499; Val_Loss: 8.474   Train_ACC: 21.955; Val_ACC: 24.550   Train_NMI: 10.869; Val_NMI: 14.014
(Epoch 162 / 300) Train_Loss: 8.495; Val_Loss: 8.476   Train_ACC: 21.567; Val_ACC: 22.920   Train_NMI: 10.844; Val_NMI: 12.369
(Epoch 163 / 300) Train_Loss: 8.498; Val_Loss: 8.482   Train_ACC: 21.960; Val_ACC: 22.900   Train_NMI: 10.733; Val_NMI: 12.138
(Epoch 164 / 300) Train_Loss: 8.499; Val_Loss: 8.473   Train_ACC: 21.740; Val_ACC: 22.940   Train_NMI: 10.865; Val_NMI: 12.437
(Epoch 165 / 300) Train_Loss: 8.497; Val_Loss: 8.476   Train_ACC: 21.290; Val_ACC: 21.470   Train_NMI: 11.001; Val_NMI: 12.235
(Epoch 166 / 300) Train_Loss: 8.498; Val_Loss: 8.479   Train_ACC: 21.635; Val_ACC: 24.110   Train_NMI: 10.709; Val_NMI: 13.179
(Epoch 167 / 300) Train_Loss: 8.498; Val_Loss: 8.477   Train_ACC: 21.915; Val_ACC: 23.830   Train_NMI: 10.865; Val_NMI: 12.708
(Epoch 168 / 300) Train_Loss: 8.497; Val_Loss: 8.472   Train_ACC: 21.392; Val_ACC: 22.350   Train_NMI: 10.969; Val_NMI: 12.092
(Epoch 169 / 300) Train_Loss: 8.495; Val_Loss: 8.478   Train_ACC: 22.110; Val_ACC: 24.280   Train_NMI: 10.798; Val_NMI: 13.535
(Epoch 170 / 300) Train_Loss: 8.496; Val_Loss: 8.472   Train_ACC: 21.128; Val_ACC: 22.890   Train_NMI: 10.960; Val_NMI: 13.822
(Epoch 171 / 300) Train_Loss: 8.495; Val_Loss: 8.476   Train_ACC: 21.758; Val_ACC: 24.300   Train_NMI: 11.286; Val_NMI: 13.851
(Epoch 172 / 300) Train_Loss: 8.497; Val_Loss: 8.469   Train_ACC: 21.703; Val_ACC: 22.110   Train_NMI: 10.967; Val_NMI: 12.044
(Epoch 173 / 300) Train_Loss: 8.497; Val_Loss: 8.473   Train_ACC: 20.735; Val_ACC: 22.900   Train_NMI: 10.726; Val_NMI: 12.653
(Epoch 174 / 300) Train_Loss: 8.496; Val_Loss: 8.473   Train_ACC: 20.593; Val_ACC: 22.280   Train_NMI: 10.605; Val_NMI: 12.630
(Epoch 175 / 300) Train_Loss: 8.495; Val_Loss: 8.469   Train_ACC: 20.673; Val_ACC: 24.890   Train_NMI: 10.477; Val_NMI: 13.030
(Epoch 176 / 300) Train_Loss: 8.496; Val_Loss: 8.473   Train_ACC: 21.468; Val_ACC: 23.460   Train_NMI: 10.815; Val_NMI: 13.159
(Epoch 177 / 300) Train_Loss: 8.497; Val_Loss: 8.478   Train_ACC: 21.977; Val_ACC: 23.840   Train_NMI: 11.132; Val_NMI: 12.774
(Epoch 178 / 300) Train_Loss: 8.496; Val_Loss: 8.469   Train_ACC: 21.750; Val_ACC: 20.860   Train_NMI: 10.832; Val_NMI: 11.923
(Epoch 179 / 300) Train_Loss: 8.495; Val_Loss: 8.481   Train_ACC: 21.215; Val_ACC: 23.980   Train_NMI: 10.632; Val_NMI: 12.711
(Epoch 180 / 300) Train_Loss: 8.494; Val_Loss: 8.466   Train_ACC: 22.323; Val_ACC: 23.460   Train_NMI: 11.109; Val_NMI: 13.280
(Epoch 181 / 300) Train_Loss: 8.496; Val_Loss: 8.481   Train_ACC: 21.980; Val_ACC: 21.880   Train_NMI: 11.061; Val_NMI: 12.437
(Epoch 182 / 300) Train_Loss: 8.495; Val_Loss: 8.466   Train_ACC: 22.030; Val_ACC: 22.630   Train_NMI: 11.019; Val_NMI: 11.956
(Epoch 183 / 300) Train_Loss: 8.494; Val_Loss: 8.477   Train_ACC: 21.675; Val_ACC: 24.620   Train_NMI: 10.845; Val_NMI: 13.608
(Epoch 184 / 300) Train_Loss: 8.496; Val_Loss: 8.470   Train_ACC: 22.288; Val_ACC: 22.590   Train_NMI: 11.147; Val_NMI: 12.085
(Epoch 185 / 300) Train_Loss: 8.492; Val_Loss: 8.469   Train_ACC: 20.812; Val_ACC: 20.780   Train_NMI: 10.295; Val_NMI: 11.460
(Epoch 186 / 300) Train_Loss: 8.495; Val_Loss: 8.476   Train_ACC: 21.528; Val_ACC: 22.600   Train_NMI: 10.920; Val_NMI: 11.963
